<?xml version="1.0" encoding="UTF-8"?><testrun name="TesteCurso" project="senaicursos" tests="1" started="1" failures="0" errors="1" ignored="0">
  <testsuite name="senaicursos.TesteCurso" time="84.259">
    <testcase name="testeNavegador" classname="senaicursos.TesteCurso" time="84.259">
      <error>org.openqa.selenium.WebDriverException: chrome not reachable
Build info: version: '3.141.59', revision: 'e82be7d358', time: '2018-11-14T08:17:03'
System info: host: 'BRUNA', ip: '192.168.0.99', os.name: 'Windows 10', os.arch: 'amd64', os.version: '10.0', java.version: '17.0.2'
Driver info: driver.version: ChromeDriver
remote stacktrace: Backtrace:
	Ordinal0 [0x00CFB8F3+2406643]
	Ordinal0 [0x00C8AF31+1945393]
	Ordinal0 [0x00B7C610+837136]
	Ordinal0 [0x00B7036B+787307]
	Ordinal0 [0x00B9C268+967272]
	Ordinal0 [0x00B984BA+951482]
	Ordinal0 [0x00B95D71+941425]
	Ordinal0 [0x00BC8EE0+1150688]
	Ordinal0 [0x00BC8B3A+1149754]
	Ordinal0 [0x00BC4096+1130646]
	Ordinal0 [0x00B9E636+976438]
	Ordinal0 [0x00B9F546+980294]
	GetHandleVerifier [0x00F69612+2498066]
	GetHandleVerifier [0x00F5C920+2445600]
	GetHandleVerifier [0x00D94F2A+579370]
	GetHandleVerifier [0x00D93D36+574774]
	Ordinal0 [0x00C91C0B+1973259]
	Ordinal0 [0x00C96688+1992328]
	Ordinal0 [0x00C96775+1992565]
	Ordinal0 [0x00C9F8D1+2029777]
	BaseThreadInitThunk [0x7644FA29+25]
	RtlGetAppContainerNamedObjectPath [0x77917A7E+286]
	RtlGetAppContainerNamedObjectPath [0x77917A4E+238]
&#13;
	at java.base/jdk.internal.reflect.NativeConstructorAccessorImpl.newInstance0(Native Method)&#13;
	at java.base/jdk.internal.reflect.NativeConstructorAccessorImpl.newInstance(NativeConstructorAccessorImpl.java:77)&#13;
	at java.base/jdk.internal.reflect.DelegatingConstructorAccessorImpl.newInstance(DelegatingConstructorAccessorImpl.java:45)&#13;
	at java.base/java.lang.reflect.Constructor.newInstanceWithCaller(Constructor.java:499)&#13;
	at java.base/java.lang.reflect.Constructor.newInstance(Constructor.java:480)&#13;
	at org.openqa.selenium.remote.W3CHandshakeResponse.lambda$errorHandler$0(W3CHandshakeResponse.java:62)&#13;
	at org.openqa.selenium.remote.HandshakeResponse.lambda$getResponseFunction$0(HandshakeResponse.java:30)&#13;
	at org.openqa.selenium.remote.ProtocolHandshake.lambda$createSession$0(ProtocolHandshake.java:126)&#13;
	at java.base/java.util.stream.ReferencePipeline$3$1.accept(ReferencePipeline.java:197)&#13;
	at java.base/java.util.Spliterators$ArraySpliterator.tryAdvance(Spliterators.java:1002)&#13;
	at java.base/java.util.stream.ReferencePipeline.forEachWithCancel(ReferencePipeline.java:129)&#13;
	at java.base/java.util.stream.AbstractPipeline.copyIntoWithCancel(AbstractPipeline.java:527)&#13;
	at java.base/java.util.stream.AbstractPipeline.copyInto(AbstractPipeline.java:513)&#13;
	at java.base/java.util.stream.AbstractPipeline.wrapAndCopyInto(AbstractPipeline.java:499)&#13;
	at java.base/java.util.stream.FindOps$FindOp.evaluateSequential(FindOps.java:150)&#13;
	at java.base/java.util.stream.AbstractPipeline.evaluate(AbstractPipeline.java:234)&#13;
	at java.base/java.util.stream.ReferencePipeline.findFirst(ReferencePipeline.java:647)&#13;
	at org.openqa.selenium.remote.ProtocolHandshake.createSession(ProtocolHandshake.java:128)&#13;
	at org.openqa.selenium.remote.ProtocolHandshake.createSession(ProtocolHandshake.java:74)&#13;
	at org.openqa.selenium.remote.HttpCommandExecutor.execute(HttpCommandExecutor.java:136)&#13;
	at org.openqa.selenium.remote.service.DriverCommandExecutor.execute(DriverCommandExecutor.java:83)&#13;
	at org.openqa.selenium.remote.RemoteWebDriver.execute(RemoteWebDriver.java:552)&#13;
	at org.openqa.selenium.remote.RemoteWebDriver.startSession(RemoteWebDriver.java:213)&#13;
	at org.openqa.selenium.remote.RemoteWebDriver.&lt;init&gt;(RemoteWebDriver.java:131)&#13;
	at org.openqa.selenium.chrome.ChromeDriver.&lt;init&gt;(ChromeDriver.java:181)&#13;
	at org.openqa.selenium.chrome.ChromeDriver.&lt;init&gt;(ChromeDriver.java:168)&#13;
	at org.openqa.selenium.chrome.ChromeDriver.&lt;init&gt;(ChromeDriver.java:123)&#13;
	at senaicursos.TesteCurso.abrirNavegador(TesteCurso.java:16)&#13;
	at java.base/jdk.internal.reflect.NativeMethodAccessorImpl.invoke0(Native Method)&#13;
	at java.base/jdk.internal.reflect.NativeMethodAccessorImpl.invoke(NativeMethodAccessorImpl.java:77)&#13;
	at java.base/jdk.internal.reflect.DelegatingMethodAccessorImpl.invoke(DelegatingMethodAccessorImpl.java:43)&#13;
	at java.base/java.lang.reflect.Method.invoke(Method.java:568)&#13;
	at org.junit.internal.runners.MethodRoadie.runBefores(MethodRoadie.java:122)&#13;
	at org.junit.internal.runners.MethodRoadie.runBeforesThenTestThenAfters(MethodRoadie.java:86)&#13;
	at org.junit.internal.runners.MethodRoadie.runTest(MethodRoadie.java:77)&#13;
	at org.junit.internal.runners.MethodRoadie.run(MethodRoadie.java:42)&#13;
	at org.junit.internal.runners.JUnit4ClassRunner.invokeTestMethod(JUnit4ClassRunner.java:88)&#13;
	at org.junit.internal.runners.JUnit4ClassRunner.runMethods(JUnit4ClassRunner.java:51)&#13;
	at org.junit.internal.runners.JUnit4ClassRunner$1.run(JUnit4ClassRunner.java:44)&#13;
	at org.junit.internal.runners.ClassRoadie.runUnprotected(ClassRoadie.java:27)&#13;
	at org.junit.internal.runners.ClassRoadie.runProtected(ClassRoadie.java:37)&#13;
	at org.junit.internal.runners.JUnit4ClassRunner.run(JUnit4ClassRunner.java:42)&#13;
	at org.eclipse.jdt.internal.junit4.runner.JUnit4TestReference.run(JUnit4TestReference.java:93)&#13;
	at org.eclipse.jdt.internal.junit.runner.TestExecution.run(TestExecution.java:40)&#13;
	at org.eclipse.jdt.internal.junit.runner.RemoteTestRunner.runTests(RemoteTestRunner.java:529)&#13;
	at org.eclipse.jdt.internal.junit.runner.RemoteTestRunner.runTests(RemoteTestRunner.java:756)&#13;
	at org.eclipse.jdt.internal.junit.runner.RemoteTestRunner.run(RemoteTestRunner.java:452)&#13;
	at org.eclipse.jdt.internal.junit.runner.RemoteTestRunner.main(RemoteTestRunner.java:210)&#13;
&#13;
</error>
    </testcase>
  </testsuite>
</testrun>
